{"/home/ustolz/repositories/PRIV/electronify/index.ts": {"path":"/home/ustolz/repositories/PRIV/electronify/index.ts","statementMap":{"0":{"start":{"line":1,"column":0},"end":{"line":1,"column":37}},"1":{"start":{"line":2,"column":0},"end":{"line":2,"column":34}},"2":{"start":{"line":3,"column":0},"end":{"line":3,"column":33}},"3":{"start":{"line":4,"column":0},"end":{"line":4,"column":null}},"4":{"start":{"line":7,"column":0},"end":{"line":7,"column":38}},"5":{"start":{"line":8,"column":0},"end":{"line":8,"column":40}},"6":{"start":{"line":11,"column":2},"end":{"line":11,"column":36}},"7":{"start":{"line":12,"column":2},"end":{"line":12,"column":31}},"8":{"start":{"line":13,"column":2},"end":{"line":13,"column":36}},"9":{"start":{"line":17,"column":2},"end":{"line":17,"column":45}},"10":{"start":{"line":18,"column":2},"end":{"line":18,"column":27}},"11":{"start":{"line":23,"column":4},"end":{"line":23,"column":35}},"12":{"start":{"line":24,"column":4},"end":{"line":24,"column":24}},"13":{"start":{"line":26,"column":24},"end":{"line":26,"column":null}},"14":{"start":{"line":26,"column":10},"end":{"line":26,"column":null}},"15":{"start":{"line":27,"column":4},"end":{"line":30,"column":null}},"16":{"start":{"line":28,"column":6},"end":{"line":28,"column":29}},"17":{"start":{"line":29,"column":6},"end":{"line":29,"column":45}},"18":{"start":{"line":32,"column":24},"end":{"line":32,"column":43}},"19":{"start":{"line":32,"column":24},"end":{"line":32,"column":35}},"20":{"start":{"line":32,"column":43},"end":{"line":32,"column":null}},"21":{"start":{"line":32,"column":10},"end":{"line":32,"column":null}},"22":{"start":{"line":33,"column":23},"end":{"line":33,"column":41}},"23":{"start":{"line":33,"column":23},"end":{"line":33,"column":34}},"24":{"start":{"line":33,"column":41},"end":{"line":33,"column":null}},"25":{"start":{"line":33,"column":10},"end":{"line":33,"column":null}},"26":{"start":{"line":34,"column":34},"end":{"line":34,"column":35}},"27":{"start":{"line":34,"column":85},"end":{"line":34,"column":93}},"28":{"start":{"line":34,"column":93},"end":{"line":34,"column":null}},"29":{"start":{"line":34,"column":10},"end":{"line":34,"column":null}},"30":{"start":{"line":35,"column":27},"end":{"line":35,"column":49}},"31":{"start":{"line":35,"column":27},"end":{"line":35,"column":38}},"32":{"start":{"line":35,"column":49},"end":{"line":35,"column":null}},"33":{"start":{"line":35,"column":10},"end":{"line":35,"column":null}},"34":{"start":{"line":36,"column":33},"end":{"line":36,"column":53}},"35":{"start":{"line":36,"column":33},"end":{"line":36,"column":44}},"36":{"start":{"line":36,"column":53},"end":{"line":36,"column":null}},"37":{"start":{"line":36,"column":10},"end":{"line":36,"column":null}},"38":{"start":{"line":37,"column":10},"end":{"line":37,"column":48}},"39":{"start":{"line":38,"column":30},"end":{"line":38,"column":31}},"40":{"start":{"line":38,"column":50},"end":{"line":38,"column":78}},"41":{"start":{"line":38,"column":78},"end":{"line":38,"column":null}},"42":{"start":{"line":38,"column":10},"end":{"line":38,"column":null}},"43":{"start":{"line":39,"column":25},"end":{"line":39,"column":42}},"44":{"start":{"line":39,"column":45},"end":{"line":39,"column":67}},"45":{"start":{"line":39,"column":67},"end":{"line":39,"column":null}},"46":{"start":{"line":39,"column":10},"end":{"line":39,"column":null}},"47":{"start":{"line":41,"column":10},"end":{"line":48,"column":6}},"48":{"start":{"line":49,"column":4},"end":{"line":49,"column":63}},"49":{"start":{"line":50,"column":4},"end":{"line":50,"column":46}},"50":{"start":{"line":51,"column":4},"end":{"line":51,"column":33}},"51":{"start":{"line":52,"column":4},"end":{"line":52,"column":46}},"52":{"start":{"line":54,"column":4},"end":{"line":54,"column":25}},"53":{"start":{"line":56,"column":4},"end":{"line":56,"column":39}},"54":{"start":{"line":57,"column":4},"end":{"line":57,"column":24}},"55":{"start":{"line":58,"column":4},"end":{"line":58,"column":19}},"56":{"start":{"line":21,"column":0},"end":{"line":21,"column":30}}},"fnMap":{"0":{"name":"logGreeting","decl":{"start":{"line":10,"column":9},"end":{"line":10,"column":20}},"loc":{"start":{"line":10,"column":20},"end":{"line":14,"column":1}}},"1":{"name":"logFarewell","decl":{"start":{"line":16,"column":9},"end":{"line":16,"column":20}},"loc":{"start":{"line":16,"column":49},"end":{"line":19,"column":1}}},"2":{"name":"execute","decl":{"start":{"line":21,"column":30},"end":{"line":21,"column":37}},"loc":{"start":{"line":21,"column":37},"end":{"line":60,"column":null}}}},"branchMap":{"0":{"loc":{"start":{"line":34,"column":93},"end":{"line":34,"column":null}},"type":"switch","locations":[{"start":{"line":34,"column":93},"end":{"line":34,"column":null}}]},"1":{"loc":{"start":{"line":27,"column":4},"end":{"line":30,"column":null}},"type":"if","locations":[{"start":{"line":27,"column":4},"end":{"line":30,"column":null}},{"start":{"line":27,"column":4},"end":{"line":30,"column":null}}]},"2":{"loc":{"start":{"line":32,"column":24},"end":{"line":32,"column":35}},"type":"if","locations":[{"start":{"line":32,"column":24},"end":{"line":32,"column":35}},{"start":{"line":32,"column":24},"end":{"line":32,"column":35}}]},"3":{"loc":{"start":{"line":33,"column":23},"end":{"line":33,"column":34}},"type":"if","locations":[{"start":{"line":33,"column":23},"end":{"line":33,"column":34}},{"start":{"line":33,"column":23},"end":{"line":33,"column":34}}]},"4":{"loc":{"start":{"line":34,"column":34},"end":{"line":34,"column":35}},"type":"if","locations":[{"start":{"line":34,"column":34},"end":{"line":34,"column":35}},{"start":{"line":34,"column":34},"end":{"line":34,"column":35}}]},"5":{"loc":{"start":{"line":34,"column":35},"end":{"line":34,"column":53}},"type":"binary-expr","locations":[{"start":{"line":34,"column":35},"end":{"line":34,"column":53}},{"start":{"line":34,"column":57},"end":{"line":34,"column":81}}]},"6":{"loc":{"start":{"line":35,"column":27},"end":{"line":35,"column":38}},"type":"if","locations":[{"start":{"line":35,"column":27},"end":{"line":35,"column":38}},{"start":{"line":35,"column":27},"end":{"line":35,"column":38}}]},"7":{"loc":{"start":{"line":36,"column":33},"end":{"line":36,"column":44}},"type":"if","locations":[{"start":{"line":36,"column":33},"end":{"line":36,"column":44}},{"start":{"line":36,"column":33},"end":{"line":36,"column":44}}]},"8":{"loc":{"start":{"line":37,"column":25},"end":{"line":37,"column":41}},"type":"binary-expr","locations":[{"start":{"line":37,"column":25},"end":{"line":37,"column":41}},{"start":{"line":37,"column":45},"end":{"line":37,"column":47}}]},"9":{"loc":{"start":{"line":38,"column":30},"end":{"line":38,"column":31}},"type":"if","locations":[{"start":{"line":38,"column":30},"end":{"line":38,"column":31}},{"start":{"line":38,"column":30},"end":{"line":38,"column":31}}]},"10":{"loc":{"start":{"line":39,"column":25},"end":{"line":39,"column":42}},"type":"if","locations":[{"start":{"line":39,"column":25},"end":{"line":39,"column":42}},{"start":{"line":39,"column":25},"end":{"line":39,"column":42}}]}},"s":{"0":1,"1":1,"2":1,"3":1,"4":1,"5":1,"6":1,"7":1,"8":1,"9":0,"10":0,"11":2,"12":2,"13":1,"14":1,"15":0,"16":0,"17":0,"18":0,"19":0,"20":0,"21":0,"22":0,"23":0,"24":0,"25":0,"26":0,"27":0,"28":0,"29":0,"30":0,"31":0,"32":0,"33":0,"34":0,"35":0,"36":0,"37":0,"38":0,"39":0,"40":0,"41":0,"42":0,"43":0,"44":0,"45":0,"46":0,"47":0,"48":0,"49":0,"50":0,"51":0,"52":0,"53":1,"54":1,"55":1,"56":1},"f":{"0":1,"1":0,"2":1},"b":{"0":[0],"1":[0,0],"2":[0,0],"3":[0,0],"4":[0,0],"5":[0,0],"6":[0,0],"7":[0,0],"8":[0,0],"9":[0,0],"10":[0,0]}}
,"/home/ustolz/repositories/PRIV/electronify/builder/index.ts": {"path":"/home/ustolz/repositories/PRIV/electronify/builder/index.ts","statementMap":{"0":{"start":{"line":2,"column":0},"end":{"line":2,"column":44}},"1":{"start":{"line":3,"column":0},"end":{"line":3,"column":31}},"2":{"start":{"line":4,"column":0},"end":{"line":4,"column":35}},"3":{"start":{"line":6,"column":13},"end":{"line":6,"column":22}},"4":{"start":{"line":9,"column":15},"end":{"line":9,"column":36}},"5":{"start":{"line":10,"column":19},"end":{"line":12,"column":46}},"6":{"start":{"line":13,"column":2},"end":{"line":13,"column":18}},"7":{"start":{"line":17,"column":8},"end":{"line":17,"column":46}},"8":{"start":{"line":18,"column":8},"end":{"line":18,"column":65}},"9":{"start":{"line":19,"column":8},"end":{"line":19,"column":56}},"10":{"start":{"line":20,"column":8},"end":{"line":25,"column":4}},"11":{"start":{"line":27,"column":8},"end":{"line":27,"column":53}},"12":{"start":{"line":28,"column":8},"end":{"line":35,"column":4}},"13":{"start":{"line":36,"column":2},"end":{"line":36,"column":14}},"14":{"start":{"line":40,"column":10},"end":{"line":40,"column":23}},"15":{"start":{"line":41,"column":15},"end":{"line":41,"column":null}},"16":{"start":{"line":41,"column":8},"end":{"line":41,"column":null}},"17":{"start":{"line":43,"column":4},"end":{"line":55,"column":7}},"18":{"start":{"line":57,"column":4},"end":{"line":57,"column":67}},"19":{"start":{"line":58,"column":4},"end":{"line":58,"column":24}},"20":{"start":{"line":39,"column":0},"end":{"line":39,"column":30}}},"fnMap":{"0":{"name":"getBaseName","decl":{"start":{"line":8,"column":9},"end":{"line":8,"column":20}},"loc":{"start":{"line":8,"column":32},"end":{"line":14,"column":1}}},"1":{"name":"preprocessData","decl":{"start":{"line":16,"column":15},"end":{"line":16,"column":29}},"loc":{"start":{"line":16,"column":58},"end":{"line":37,"column":null}}},"2":{"name":"buildArtifact","decl":{"start":{"line":39,"column":30},"end":{"line":39,"column":43}},"loc":{"start":{"line":39,"column":72},"end":{"line":60,"column":null}}}},"branchMap":{"0":{"loc":{"start":{"line":11,"column":6},"end":{"line":11,"column":46}},"type":"cond-expr","locations":[{"start":{"line":11,"column":6},"end":{"line":11,"column":46}},{"start":{"line":12,"column":6},"end":{"line":12,"column":46}}]},"1":{"loc":{"start":{"line":49,"column":26},"end":{"line":49,"column":49}},"type":"binary-expr","locations":[{"start":{"line":49,"column":26},"end":{"line":49,"column":49}},{"start":{"line":49,"column":53},"end":{"line":49,"column":57}}]},"2":{"loc":{"start":{"line":51,"column":21},"end":{"line":51,"column":33}},"type":"binary-expr","locations":[{"start":{"line":51,"column":21},"end":{"line":51,"column":33}},{"start":{"line":51,"column":37},"end":{"line":51,"column":55}}]}},"s":{"0":1,"1":1,"2":1,"3":1,"4":0,"5":0,"6":0,"7":0,"8":0,"9":0,"10":0,"11":0,"12":0,"13":0,"14":0,"15":0,"16":0,"17":0,"18":0,"19":0,"20":1},"f":{"0":0,"1":0,"2":0},"b":{"0":[0,0],"1":[0,0],"2":[0,0]}}
,"/home/ustolz/repositories/PRIV/electronify/cli/args.ts": {"path":"/home/ustolz/repositories/PRIV/electronify/cli/args.ts","statementMap":{"0":{"start":{"line":3,"column":0},"end":{"line":3,"column":26}},"1":{"start":{"line":4,"column":0},"end":{"line":4,"column":null}},"2":{"start":{"line":12,"column":8},"end":{"line":12,"column":48}},"3":{"start":{"line":13,"column":2},"end":{"line":15,"column":5}},"4":{"start":{"line":14,"column":4},"end":{"line":14,"column":51}},"5":{"start":{"line":16,"column":2},"end":{"line":16,"column":26}},"6":{"start":{"line":11,"column":0},"end":{"line":11,"column":22}},"7":{"start":{"line":21,"column":2},"end":{"line":69,"column":17}},"8":{"start":{"line":62,"column":6},"end":{"line":65,"column":null}},"9":{"start":{"line":63,"column":20},"end":{"line":63,"column":41}},"10":{"start":{"line":64,"column":8},"end":{"line":64,"column":19}},"11":{"start":{"line":66,"column":6},"end":{"line":66,"column":18}},"12":{"start":{"line":19,"column":0},"end":{"line":19,"column":22}}},"fnMap":{"0":{"name":"collectArgumentsFromCli","decl":{"start":{"line":11,"column":22},"end":{"line":11,"column":45}},"loc":{"start":{"line":11,"column":74},"end":{"line":17,"column":null}}},"1":{"name":"(anonymous_3)","decl":{"start":{"line":13,"column":29},"end":{"line":13,"column":30}},"loc":{"start":{"line":13,"column":46},"end":{"line":15,"column":3}}},"2":{"name":"initialize","decl":{"start":{"line":19,"column":22},"end":{"line":19,"column":32}},"loc":{"start":{"line":19,"column":47},"end":{"line":70,"column":null}}},"3":{"name":"(anonymous_7)","decl":{"start":{"line":61,"column":11},"end":{"line":61,"column":12}},"loc":{"start":{"line":61,"column":20},"end":{"line":67,"column":5}}}},"branchMap":{"0":{"loc":{"start":{"line":62,"column":6},"end":{"line":65,"column":null}},"type":"if","locations":[{"start":{"line":62,"column":6},"end":{"line":65,"column":null}},{"start":{"line":62,"column":6},"end":{"line":65,"column":null}}]}},"s":{"0":1,"1":1,"2":1,"3":1,"4":1,"5":0,"6":1,"7":0,"8":0,"9":0,"10":0,"11":0,"12":1},"f":{"0":1,"1":1,"2":0,"3":0},"b":{"0":[0,0]}}
,"/home/ustolz/repositories/PRIV/electronify/cli/ask.ts": {"path":"/home/ustolz/repositories/PRIV/electronify/cli/ask.ts","statementMap":{"0":{"start":{"line":1,"column":0},"end":{"line":1,"column":32}},"1":{"start":{"line":3,"column":0},"end":{"line":3,"column":53}},"2":{"start":{"line":4,"column":0},"end":{"line":4,"column":60}},"3":{"start":{"line":6,"column":0},"end":{"line":6,"column":57}},"4":{"start":{"line":9,"column":26},"end":{"line":9,"column":28}},"5":{"start":{"line":10,"column":2},"end":{"line":14,"column":null}},"6":{"start":{"line":11,"column":4},"end":{"line":11,"column":69}},"7":{"start":{"line":13,"column":4},"end":{"line":13,"column":31}},"8":{"start":{"line":15,"column":2},"end":{"line":15,"column":17}},"9":{"start":{"line":19,"column":28},"end":{"line":19,"column":70}},"10":{"start":{"line":20,"column":2},"end":{"line":20,"column":17}},"11":{"start":{"line":26,"column":18},"end":{"line":29,"column":null}},"12":{"start":{"line":26,"column":8},"end":{"line":29,"column":null}},"13":{"start":{"line":31,"column":2},"end":{"line":31,"column":39}},"14":{"start":{"line":35,"column":2},"end":{"line":39,"column":5}},"15":{"start":{"line":38,"column":46},"end":{"line":38,"column":null}},"16":{"start":{"line":34,"column":0},"end":{"line":34,"column":22}},"17":{"start":{"line":43,"column":2},"end":{"line":48,"column":5}},"18":{"start":{"line":47,"column":46},"end":{"line":47,"column":null}},"19":{"start":{"line":42,"column":0},"end":{"line":42,"column":22}},"20":{"start":{"line":52,"column":2},"end":{"line":56,"column":5}},"21":{"start":{"line":55,"column":46},"end":{"line":55,"column":null}},"22":{"start":{"line":51,"column":0},"end":{"line":51,"column":22}},"23":{"start":{"line":60,"column":8},"end":{"line":60,"column":45}},"24":{"start":{"line":61,"column":2},"end":{"line":66,"column":5}},"25":{"start":{"line":65,"column":46},"end":{"line":65,"column":null}},"26":{"start":{"line":59,"column":0},"end":{"line":59,"column":22}},"27":{"start":{"line":70,"column":2},"end":{"line":75,"column":5}},"28":{"start":{"line":74,"column":46},"end":{"line":74,"column":null}},"29":{"start":{"line":69,"column":0},"end":{"line":69,"column":22}},"30":{"start":{"line":79,"column":2},"end":{"line":83,"column":5}},"31":{"start":{"line":82,"column":46},"end":{"line":82,"column":null}},"32":{"start":{"line":78,"column":0},"end":{"line":78,"column":22}},"33":{"start":{"line":87,"column":2},"end":{"line":95,"column":5}},"34":{"start":{"line":93,"column":39},"end":{"line":93,"column":null}},"35":{"start":{"line":94,"column":34},"end":{"line":94,"column":null}},"36":{"start":{"line":86,"column":0},"end":{"line":86,"column":22}}},"fnMap":{"0":{"name":"getFormatsForOs","decl":{"start":{"line":8,"column":9},"end":{"line":8,"column":24}},"loc":{"start":{"line":8,"column":85},"end":{"line":16,"column":1}}},"1":{"name":"formatChoice","decl":{"start":{"line":18,"column":9},"end":{"line":18,"column":21}},"loc":{"start":{"line":18,"column":81},"end":{"line":21,"column":1}}},"2":{"name":"ask","decl":{"start":{"line":25,"column":15},"end":{"line":25,"column":18}},"loc":{"start":{"line":25,"column":30},"end":{"line":32,"column":null}}},"3":{"name":"forURL","decl":{"start":{"line":34,"column":22},"end":{"line":34,"column":28}},"loc":{"start":{"line":34,"column":28},"end":{"line":40,"column":null}}},"4":{"name":"(anonymous_8)","decl":{"start":{"line":38,"column":14},"end":{"line":38,"column":15}},"loc":{"start":{"line":38,"column":41},"end":{"line":38,"column":52}}},"5":{"name":"forOS","decl":{"start":{"line":42,"column":22},"end":{"line":42,"column":27}},"loc":{"start":{"line":42,"column":27},"end":{"line":49,"column":null}}},"6":{"name":"(anonymous_12)","decl":{"start":{"line":47,"column":14},"end":{"line":47,"column":15}},"loc":{"start":{"line":47,"column":41},"end":{"line":47,"column":52}}},"7":{"name":"forGenericFormats","decl":{"start":{"line":51,"column":22},"end":{"line":51,"column":39}},"loc":{"start":{"line":51,"column":39},"end":{"line":57,"column":null}}},"8":{"name":"(anonymous_16)","decl":{"start":{"line":55,"column":14},"end":{"line":55,"column":15}},"loc":{"start":{"line":55,"column":41},"end":{"line":55,"column":52}}},"9":{"name":"forFormat","decl":{"start":{"line":59,"column":22},"end":{"line":59,"column":31}},"loc":{"start":{"line":59,"column":108},"end":{"line":67,"column":null}}},"10":{"name":"(anonymous_20)","decl":{"start":{"line":65,"column":14},"end":{"line":65,"column":15}},"loc":{"start":{"line":65,"column":41},"end":{"line":65,"column":52}}},"11":{"name":"forArch","decl":{"start":{"line":69,"column":22},"end":{"line":69,"column":29}},"loc":{"start":{"line":69,"column":29},"end":{"line":76,"column":null}}},"12":{"name":"(anonymous_24)","decl":{"start":{"line":74,"column":14},"end":{"line":74,"column":15}},"loc":{"start":{"line":74,"column":41},"end":{"line":74,"column":52}}},"13":{"name":"forCustomIcon","decl":{"start":{"line":78,"column":22},"end":{"line":78,"column":35}},"loc":{"start":{"line":78,"column":35},"end":{"line":84,"column":null}}},"14":{"name":"(anonymous_28)","decl":{"start":{"line":82,"column":14},"end":{"line":82,"column":15}},"loc":{"start":{"line":82,"column":41},"end":{"line":82,"column":52}}},"15":{"name":"forIcon","decl":{"start":{"line":86,"column":22},"end":{"line":86,"column":29}},"loc":{"start":{"line":86,"column":29},"end":{"line":96,"column":null}}},"16":{"name":"(anonymous_32)","decl":{"start":{"line":93,"column":17},"end":{"line":93,"column":18}},"loc":{"start":{"line":93,"column":34},"end":{"line":93,"column":47}}},"17":{"name":"(anonymous_33)","decl":{"start":{"line":94,"column":14},"end":{"line":94,"column":15}},"loc":{"start":{"line":94,"column":29},"end":{"line":94,"column":35}}}},"branchMap":{"0":{"loc":{"start":{"line":10,"column":2},"end":{"line":14,"column":null}},"type":"if","locations":[{"start":{"line":10,"column":2},"end":{"line":14,"column":null}},{"start":{"line":10,"column":2},"end":{"line":14,"column":null}}]},"1":{"loc":{"start":{"line":26,"column":18},"end":{"line":29,"column":null}},"type":"switch","locations":[{"start":{"line":26,"column":18},"end":{"line":29,"column":null}}]},"2":{"loc":{"start":{"line":31,"column":19},"end":{"line":31,"column":33}},"type":"cond-expr","locations":[{"start":{"line":31,"column":19},"end":{"line":31,"column":33}},{"start":{"line":31,"column":36},"end":{"line":31,"column":38}}]},"3":{"loc":{"start":{"line":94,"column":52},"end":{"line":94,"column":58}},"type":"binary-expr","locations":[{"start":{"line":94,"column":52},"end":{"line":94,"column":58}},{"start":{"line":94,"column":62},"end":{"line":94,"column":68}},{"start":{"line":94,"column":72},"end":{"line":94,"column":79}}]}},"s":{"0":1,"1":1,"2":1,"3":1,"4":0,"5":0,"6":0,"7":0,"8":0,"9":0,"10":0,"11":0,"12":0,"13":0,"14":0,"15":0,"16":1,"17":0,"18":0,"19":1,"20":0,"21":0,"22":1,"23":0,"24":0,"25":0,"26":1,"27":0,"28":0,"29":1,"30":0,"31":0,"32":1,"33":0,"34":0,"35":0,"36":1},"f":{"0":0,"1":0,"2":0,"3":0,"4":0,"5":0,"6":0,"7":0,"8":0,"9":0,"10":0,"11":0,"12":0,"13":0,"14":0,"15":0,"16":0,"17":0},"b":{"0":[0,0],"1":[0],"2":[0,0],"3":[0,0,0]}}
,"/home/ustolz/repositories/PRIV/electronify/cli/logger.ts": {"path":"/home/ustolz/repositories/PRIV/electronify/cli/logger.ts","statementMap":{"0":{"start":{"line":1,"column":0},"end":{"line":1,"column":24}},"1":{"start":{"line":3,"column":15},"end":{"line":12,"column":2}},"2":{"start":{"line":14,"column":0},"end":{"line":14,"column":22}}},"fnMap":{},"branchMap":{},"s":{"0":1,"1":1,"2":1},"f":{},"b":{}}
,"/home/ustolz/repositories/PRIV/electronify/util/system.ts": {"path":"/home/ustolz/repositories/PRIV/electronify/util/system.ts","statementMap":{"0":{"start":{"line":2,"column":2},"end":{"line":2,"column":23}},"1":{"start":{"line":1,"column":0},"end":{"line":1,"column":24}}},"fnMap":{"0":{"name":"exitProcess","decl":{"start":{"line":1,"column":24},"end":{"line":1,"column":35}},"loc":{"start":{"line":1,"column":50},"end":{"line":3,"column":1}}}},"branchMap":{},"s":{"0":0,"1":1},"f":{"0":0},"b":{}}
,"/home/ustolz/repositories/PRIV/electronify/util/values.ts": {"path":"/home/ustolz/repositories/PRIV/electronify/util/values.ts","statementMap":{"0":{"start":{"line":1,"column":47},"end":{"line":6,"column":2}},"1":{"start":{"line":15,"column":9},"end":{"line":15,"column":21}},"2":{"start":{"line":8,"column":24},"end":{"line":11,"column":75}},"3":{"start":{"line":15,"column":23},"end":{"line":15,"column":38}},"4":{"start":{"line":13,"column":21},"end":{"line":13,"column":55}},"5":{"start":{"line":15,"column":40},"end":{"line":15,"column":52}}},"fnMap":{},"branchMap":{},"s":{"0":2,"1":2,"2":2,"3":2,"4":2,"5":2},"f":{},"b":{}}
}
