TN:
SF:/home/ustolz/repositories/PRIV/electronify/index.ts
FN:10,logGreeting
FN:16,logFarewell
FN:21,execute
FNF:3
FNH:2
FNDA:1,logGreeting
FNDA:0,logFarewell
FNDA:1,execute
DA:1,1
DA:2,1
DA:3,1
DA:4,1
DA:7,1
DA:8,1
DA:11,1
DA:12,1
DA:13,1
DA:17,0
DA:18,0
DA:21,1
DA:23,2
DA:24,2
DA:26,1
DA:27,0
DA:28,0
DA:29,0
DA:32,0
DA:33,0
DA:34,0
DA:35,0
DA:36,0
DA:37,0
DA:38,0
DA:39,0
DA:41,0
DA:49,0
DA:50,0
DA:51,0
DA:52,0
DA:54,0
DA:56,1
DA:57,1
DA:58,1
LF:35
LH:16
BRDA:34,0,0,0
BRDA:27,1,0,0
BRDA:27,1,1,0
BRDA:32,2,0,0
BRDA:32,2,1,0
BRDA:33,3,0,0
BRDA:33,3,1,0
BRDA:34,4,0,0
BRDA:34,4,1,0
BRDA:34,5,0,0
BRDA:34,5,1,0
BRDA:35,6,0,0
BRDA:35,6,1,0
BRDA:36,7,0,0
BRDA:36,7,1,0
BRDA:37,8,0,0
BRDA:37,8,1,0
BRDA:38,9,0,0
BRDA:38,9,1,0
BRDA:39,10,0,0
BRDA:39,10,1,0
BRF:21
BRH:0
end_of_record
TN:
SF:/home/ustolz/repositories/PRIV/electronify/builder/index.ts
FN:8,getBaseName
FN:16,preprocessData
FN:39,buildArtifact
FNF:3
FNH:0
FNDA:0,getBaseName
FNDA:0,preprocessData
FNDA:0,buildArtifact
DA:2,1
DA:3,1
DA:4,1
DA:6,1
DA:9,0
DA:10,0
DA:13,0
DA:17,0
DA:18,0
DA:19,0
DA:20,0
DA:27,0
DA:28,0
DA:36,0
DA:39,1
DA:40,0
DA:41,0
DA:43,0
DA:57,0
DA:58,0
LF:20
LH:5
BRDA:11,0,0,0
BRDA:11,0,1,0
BRDA:49,1,0,0
BRDA:49,1,1,0
BRDA:51,2,0,0
BRDA:51,2,1,0
BRF:6
BRH:0
end_of_record
TN:
SF:/home/ustolz/repositories/PRIV/electronify/cli/args.ts
FN:11,collectArgumentsFromCli
FN:13,(anonymous_3)
FN:19,initialize
FN:61,(anonymous_7)
FNF:4
FNH:2
FNDA:1,collectArgumentsFromCli
FNDA:1,(anonymous_3)
FNDA:0,initialize
FNDA:0,(anonymous_7)
DA:3,1
DA:4,1
DA:11,1
DA:12,1
DA:13,1
DA:14,1
DA:16,0
DA:19,1
DA:21,0
DA:62,0
DA:63,0
DA:64,0
DA:66,0
LF:13
LH:7
BRDA:62,0,0,0
BRDA:62,0,1,0
BRF:2
BRH:0
end_of_record
TN:
SF:/home/ustolz/repositories/PRIV/electronify/cli/ask.ts
FN:8,getFormatsForOs
FN:18,formatChoice
FN:25,ask
FN:34,forURL
FN:38,(anonymous_8)
FN:42,forOS
FN:47,(anonymous_12)
FN:51,forGenericFormats
FN:55,(anonymous_16)
FN:59,forFormat
FN:65,(anonymous_20)
FN:69,forArch
FN:74,(anonymous_24)
FN:78,forCustomIcon
FN:82,(anonymous_28)
FN:86,forIcon
FN:93,(anonymous_32)
FN:94,(anonymous_33)
FNF:18
FNH:0
FNDA:0,getFormatsForOs
FNDA:0,formatChoice
FNDA:0,ask
FNDA:0,forURL
FNDA:0,(anonymous_8)
FNDA:0,forOS
FNDA:0,(anonymous_12)
FNDA:0,forGenericFormats
FNDA:0,(anonymous_16)
FNDA:0,forFormat
FNDA:0,(anonymous_20)
FNDA:0,forArch
FNDA:0,(anonymous_24)
FNDA:0,forCustomIcon
FNDA:0,(anonymous_28)
FNDA:0,forIcon
FNDA:0,(anonymous_32)
FNDA:0,(anonymous_33)
DA:1,1
DA:3,1
DA:4,1
DA:6,1
DA:9,0
DA:10,0
DA:11,0
DA:13,0
DA:15,0
DA:19,0
DA:20,0
DA:26,0
DA:31,0
DA:34,1
DA:35,0
DA:38,0
DA:42,1
DA:43,0
DA:47,0
DA:51,1
DA:52,0
DA:55,0
DA:59,1
DA:60,0
DA:61,0
DA:65,0
DA:69,1
DA:70,0
DA:74,0
DA:78,1
DA:79,0
DA:82,0
DA:86,1
DA:87,0
DA:93,0
DA:94,0
LF:36
LH:11
BRDA:10,0,0,0
BRDA:10,0,1,0
BRDA:26,1,0,0
BRDA:31,2,0,0
BRDA:31,2,1,0
BRDA:94,3,0,0
BRDA:94,3,1,0
BRDA:94,3,2,0
BRF:8
BRH:0
end_of_record
TN:
SF:/home/ustolz/repositories/PRIV/electronify/cli/logger.ts
FNF:0
FNH:0
DA:1,1
DA:3,1
DA:14,1
LF:3
LH:3
BRF:0
BRH:0
end_of_record
TN:
SF:/home/ustolz/repositories/PRIV/electronify/util/system.ts
FN:1,exitProcess
FNF:1
FNH:0
FNDA:0,exitProcess
DA:1,1
DA:2,0
LF:2
LH:1
BRF:0
BRH:0
end_of_record
TN:
SF:/home/ustolz/repositories/PRIV/electronify/util/values.ts
FNF:0
FNH:0
DA:1,2
DA:8,2
DA:13,2
DA:15,2
LF:4
LH:4
BRF:0
BRH:0
end_of_record
